生成启动时间为 2016/7/22 16:23:23。
     1>项目“C:\Users\think\Desktop\FileSystem final\FileSystem\FileSystem.vcxproj”在节点 2 上(Build 个目标)。
       项目文件包含 ToolsVersion="12.0" 设置，但此工具集未知或缺失。您可以通过为此工具集安装相应的 .NET Framework 来解决此问题。将项目视为具有 ToolsVersion="4.0" 设置。
     1>ClCompile:
         G:\software2\VS2012\VC\bin\CL.exe /c /ZI /nologo /W3 /WX- /Od /Oy- /D _MBCS /Gm /EHsc /RTC1 /MT /GS /fp:precise /Zc:wchar_t /Zc:forScope /Fo"Debug\\" /Fd"Debug\vc110.pdb" /Gd /TP /analyze- /errorReport:prompt LoginIn.cpp
         LoginIn.cpp
       Link:
         G:\software2\VS2012\VC\bin\link.exe /ERRORREPORT:PROMPT /OUT:"C:\Users\think\Desktop\FileSystem final\Debug\FileSystem.exe" /INCREMENTAL /NOLOGO /MANIFEST /MANIFESTUAC:"level='asInvoker' uiAccess='false'" /manifest:embed /manifestinput:G:\software2\VS2012\VC\Include\Manifest\dpiaware.manifest /DEBUG /PDB:"C:\Users\think\Desktop\FileSystem final\Debug\FileSystem.pdb" /TLBID:1 /DYNAMICBASE /NXCOMPAT /IMPLIB:"C:\Users\think\Desktop\FileSystem final\Debug\FileSystem.lib" /MACHINE:X86 Debug\AllocDataBlock.obj
         Debug\close.obj
         Debug\copy.obj
         Debug\create.obj
         Debug\deldir.obj
         Debug\delfile.obj
         Debug\dir.obj
         Debug\initi.obj
         Debug\Initialize.obj
         Debug\Load.obj
         Debug\LoginIn.obj
         Debug\LoginOut.obj
         Debug\ltdir.obj
         Debug\Main.obj
         Debug\mkdir.obj
         Debug\ntdir.obj
         Debug\open.obj
         Debug\read.obj
         Debug\ReleaseDataBlock.obj
         Debug\rename.obj
         Debug\Write.obj
         FileSystem.vcxproj -> C:\Users\think\Desktop\FileSystem final\Debug\FileSystem.exe
     1>已完成生成项目“C:\Users\think\Desktop\FileSystem final\FileSystem\FileSystem.vcxproj”(Build 个目标)的操作。

生成成功。

已用时间 00:00:01.50
